<?xml version="1.0" encoding="UTF-8"?>
<!-- Generated by org.testng.reporters.JUnitReportReporter -->
<testsuite hostname="BLT1208" name="Testexampledemo.Prioritytestcase" tests="3" failures="0" timestamp="17 Feb 2020 10:32:40 GMT" time="0.031" errors="0">
  <testcase name="testcase2" time="0.000" classname="Testexampledemo.Prioritytestcase"/>
  <testcase name="testcase1" time="0.016" classname="Testexampledemo.Prioritytestcase"/>
  <testcase name="testcase3" time="0.015" classname="Testexampledemo.Prioritytestcase"/>
</testsuite> <!-- Testexampledemo.Prioritytestcase -->
