<?xml version="1.0" encoding="UTF-8"?>
<!-- Generated by org.testng.reporters.JUnitReportReporter -->
<testsuite hostname="BLT1208" name="ScrollBar" tests="1" failures="0" timestamp="21 Feb 2020 06:48:55 GMT" time="12.732" errors="0">
  <testcase name="ByPixel" time="12.732" classname="ScrollBar"/>
</testsuite> <!-- ScrollBar -->
