<?xml version="1.0" encoding="UTF-8"?>
<!-- Generated by org.testng.reporters.JUnitReportReporter -->
<testsuite hostname="BLT1208" name="Testexampledemo.Sampletestcase" tests="3" failures="0" timestamp="17 Feb 2020 08:03:21 GMT" time="0.014" errors="0">
  <testcase name="testcase1" time="0.009" classname="Testexampledemo.Sampletestcase"/>
  <testcase name="testcase3" time="0.003" classname="Testexampledemo.Sampletestcase"/>
  <testcase name="testcase2" time="0.002" classname="Testexampledemo.Sampletestcase"/>
</testsuite> <!-- Testexampledemo.Sampletestcase -->
