<?xml version="1.0" encoding="UTF-8"?>
<!-- Generated by org.testng.reporters.JUnitReportReporter -->
<testsuite hostname="BLT1208" name="window_handling" tests="1" failures="0" timestamp="19 Feb 2020 11:05:30 GMT" time="20.055" errors="0">
  <testcase name="login" time="20.055" classname="window_handling"/>
</testsuite> <!-- window_handling -->
