<?xml version="1.0" encoding="UTF-8"?>
<!-- Generated by org.testng.reporters.JUnitReportReporter -->
<testsuite hostname="BLT1208" name="Testexampledemo.Paralleltestcase1" tests="3" failures="0" timestamp="17 Feb 2020 09:11:26 GMT" time="0.016" errors="0">
  <testcase name="testcase6" time="0.016" classname="Testexampledemo.Paralleltestcase1"/>
  <testcase name="testcase4" time="0.000" classname="Testexampledemo.Paralleltestcase1"/>
  <testcase name="testcase5" time="0.000" classname="Testexampledemo.Paralleltestcase1"/>
</testsuite> <!-- Testexampledemo.Paralleltestcase1 -->
