<?xml version="1.0" encoding="UTF-8"?>
<!-- Generated by org.testng.reporters.JUnitReportReporter -->
<testsuite hostname="BLT1208" name="keyboard" tests="1" failures="0" timestamp="20 Feb 2020 04:49:45 GMT" time="15.956" errors="0">
  <testcase name="key" time="15.956" classname="keyboard"/>
</testsuite> <!-- keyboard -->
