<?xml version="1.0" encoding="UTF-8"?>
<!-- Generated by org.testng.reporters.JUnitReportReporter -->
<testsuite hostname="BLT1208" name="Testexampledemo.dependsongroups" tests="2" failures="0" timestamp="17 Feb 2020 11:04:36 GMT" time="0.031" errors="0">
  <testcase name="testcase2" time="0.016" classname="Testexampledemo.dependsongroups"/>
  <testcase name="testcase3" time="0.015" classname="Testexampledemo.dependsongroups"/>
</testsuite> <!-- Testexampledemo.dependsongroups -->
