<?xml version="1.0" encoding="UTF-8"?>
<!-- Generated by org.testng.reporters.JUnitReportReporter -->
<testsuite hostname="BLT1208" name="fileuploaddemo.fileupload" tests="1" failures="0" timestamp="24 Feb 2020 09:53:15 GMT" time="17.411" errors="0">
  <testcase name="fil" time="17.411" classname="fileuploaddemo.fileupload"/>
</testsuite> <!-- fileuploaddemo.fileupload -->
