<?xml version="1.0" encoding="UTF-8"?>
<!-- Generated by org.testng.reporters.JUnitReportReporter -->
<testsuite hostname="BLT1208" name="Testcase.linkedin_signin_testcase" tests="1" failures="0" timestamp="20 Feb 2020 04:49:05 GMT" time="1.717" errors="0">
  <testcase name="signin" time="1.717" classname="Testcase.linkedin_signin_testcase"/>
</testsuite> <!-- Testcase.linkedin_signin_testcase -->
