<?xml version="1.0" encoding="UTF-8"?>
<!-- Generated by org.testng.reporters.JUnitReportReporter -->
<testsuite hostname="BLT1208" name="com.Testcase.Selenium_IE_driver_test" tests="2" failures="0" timestamp="12 Mar 2020 06:31:12 GMT" time="9.026" errors="0">
  <testcase name="Assert_print" time="0.009" classname="com.Testcase.Selenium_IE_driver_test"/>
  <testcase name="click_func" time="9.017" classname="com.Testcase.Selenium_IE_driver_test"/>
</testsuite> <!-- com.Testcase.Selenium_IE_driver_test -->
