<?xml version="1.0" encoding="UTF-8"?>
<!-- Generated by org.testng.reporters.JUnitReportReporter -->
<testsuite hostname="BLT1208" name="featurework" tests="1" failures="0" timestamp="26 Feb 2020 06:03:28 GMT" time="8.184" errors="0">
  <testcase name="featurework" time="8.184" classname="featurework"/>
</testsuite> <!-- featurework -->
