<?xml version="1.0" encoding="UTF-8"?>
<!-- Generated by org.testng.reporters.JUnitReportReporter -->
<testsuite hostname="BLT1208" name="cucumber1.explicitwait" tests="1" failures="0" timestamp="26 Feb 2020 05:37:50 GMT" time="11.156" errors="0">
  <testcase name="exmplicit" time="11.156" classname="cucumber1.explicitwait"/>
</testsuite> <!-- cucumber1.explicitwait -->
