<?xml version="1.0" encoding="UTF-8"?>
<!-- Generated by org.testng.reporters.JUnitReportReporter -->
<testsuite hostname="DESKTOP-IB96CGO" failures="0" tests="1" name="com.testcase.offer_testcase" time="61.781" errors="0" timestamp="2020-03-11T20:39:28 IST" skipped="0">
  <testcase classname="com.testcase.offer_testcase" name="home" time="61.781"/>
</testsuite> <!-- com.testcase.offer_testcase -->
